sdk/build/outputs/mapping/release/configuration.txt
# The proguard configuration file for the following section is default_proguard_files/global/proguard-android.txt-8.5.2
# This is a configuration file for ProGuard.
# http://proguard.sourceforge.net/index.html#manual/usage.html
#
# Starting with version 2.2 of the Android plugin for Gradle, this file is distributed together with
# the plugin and unpacked at build-time. The files in $ANDROID_HOME are no longer maintained and
# will be ignored by new version of the Android plugin for Gradle.

# Optimization is turned off by default. Dex does not like code run
# through the ProGuard optimize steps (and performs some
# of these optimizations on its own).
# Note that if you want to enable optimization, you cannot just
# include optimization flags in your own project configuration file;
# instead you will need to point to the
# "proguard-android-optimize.txt" file instead of this one from your
# project.properties file.
-dontoptimize

# Preserve some attributes that may be required for reflection.
-keepattributes AnnotationDefault,
                EnclosingMethod,
                InnerClasses,
                RuntimeVisibleAnnotations,
                RuntimeVisibleParameterAnnotations,
                RuntimeVisibleTypeAnnotations,
                Signature

-keep public class com.google.vending.licensing.ILicensingService
-keep public class com.android.vending.licensing.ILicensingService
-keep public class com.google.android.vending.licensing.ILicensingService
-dontnote com.android.vending.licensing.ILicensingService
-dontnote com.google.vending.licensing.ILicensingService
-dontnote com.google.android.vending.licensing.ILicensingService

# For native methods, see https://www.guardsquare.com/manual/configuration/examples#native
-keepclasseswithmembernames,includedescriptorclasses class * {
    native <methods>;
}

# Keep setters in Views so that animations can still work.
-keepclassmembers public class * extends android.view.View {
    void set*(***);
    *** get*();
}

# We want to keep methods in Activity that could be used in the XML attribute onClick.
-keepclassmembers class * extends android.app.Activity {
    public void *(android.view.View);
}

# For enumeration classes, see https://www.guardsquare.com/manual/configuration/examples#enumerations
-keepclassmembers enum * {
    public static **[] values();
    public static ** valueOf(java.lang.String);
}

-keepclassmembers class * implements android.os.Parcelable {
    public static final ** CREATOR;
}

# Preserve annotated Javascript interface methods.
-keepclassmembers class * {
    @android.webkit.JavascriptInterface <methods>;
}

# The support libraries contains references to newer platform versions.
# Don't warn about those in case this app is linking against an older
# platform version. We know about them, and they are safe.
-dontnote android.support.**
-dontnote androidx.**
-dontwarn android.support.**
-dontwarn androidx.**

# Understand the @Keep support annotation.
-keep class android.support.annotation.Keep

-keep @android.support.annotation.Keep class * {*;}

-keepclasseswithmembers class * {
    @android.support.annotation.Keep <methods>;
}

-keepclasseswithmembers class * {
    @android.support.annotation.Keep <fields>;
}

-keepclasseswithmembers class * {
    @android.support.annotation.Keep <init>(...);
}

# These classes are duplicated between android.jar and org.apache.http.legacy.jar.
-dontnote org.apache.http.**
-dontnote android.net.http.**

# These classes are duplicated between android.jar and core-lambda-stubs.jar.
-dontnote java.lang.invoke.**

# End of content from default_proguard_files/global/proguard-android.txt-8.5.2
# The proguard configuration file for the following section is transformed/iproov-10.3.2/proguard.txt



-keeppackagenames com.iproov.sdk.core.t,com.iproov.sdk.core.try,com.iproov.sdk.core.for,com.iproov.sdk.core.new,com.iproov.sdk.api.exception,com.iproov.sdk.core.continue
-adaptresourcefilecontents !jni/arm64-v8a/libiproov-com-lib.so,!jni/armeabi-v7a/libiproov-com-lib.so,!jni/x86/libiproov-com-lib.so,!jni/x86_64/libiproov-com-lib.so,!jni/arm64-v8a/libd3845f.so,!jni/armeabi-v7a/libd3845f.so,!jni/x86/libd3845f.so,!jni/x86_64/libd3845f.so,!jni/arm64-v8a/libiproov-com-calcifer-lib.so,!jni/armeabi-v7a/libiproov-com-calcifer-lib.so,!jni/x86/libiproov-com-calcifer-lib.so,!jni/x86_64/libiproov-com-calcifer-lib.so,!lib/arm64-v8a/libiproov-com-lib.so,!lib/armeabi-v7a/libiproov-com-lib.so,!lib/x86/libiproov-com-lib.so,!lib/x86_64/libiproov-com-lib.so,!lib/arm64-v8a/libd3845f.so,!lib/armeabi-v7a/libd3845f.so,!lib/x86/libd3845f.so,!lib/x86_64/libd3845f.so,!lib/arm64-v8a/libiproov-com-calcifer-lib.so,!lib/armeabi-v7a/libiproov-com-calcifer-lib.so,!lib/x86/libiproov-com-calcifer-lib.so,!lib/x86_64/libiproov-com-calcifer-lib.so,dummyfile
-dontwarn com.google.protobuf.**,com.tinder.*,okhttp3.*,okio.*,org.conscrypt.**,org.bouncycastle.**,org.openjsse.**




# Proguard rules that are applied to library integrators source code
# This set of proguard rules should be applied to all iProov modules
# Keep all private iproov classes from being double obsfuscated
-keep class com.iproov.sdk.core.** {
    <fields>;    <methods>;
}

-keep class * extends com.google.protobuf.GeneratedMessageLite {
    <fields>;    <methods>;
}

-keep class com.google.protobuf.** {
    <fields>;    <methods>;
}

-keep class com.iproov.sdk.core.new.do {
    int char;    int void;    int goto;    int break;    com.iproov.sdk.core.new.new this;    byte[] long;    byte[] float;    byte[] final;    int[] class;    int catch;    int const;    int super;    int throw;    <init>(java.io.InputStream,int[],byte[],int,boolean,int);
    <init>(java.io.InputStream,int[],byte[],int,boolean,int,byte);
    int read();
    int read(byte[],int,int);
    long skip(long);
    int available();
    boolean markSupported();
    void int();
    int for();
}

-keep class com.iproov.sdk.core.new.for {
    byte[] short;    int[] double;    int[] while;    int[] native;    int[] public;    int static;    int[] import;    byte[][] return;    int[] throws;    byte[] switch;    byte[] extends;    int default;    int boolean;    int continue;    int throw;    int abstract;    int private;    <init>(java.io.InputStream,int,byte[],byte[][]);
    <init>(java.io.InputStream,int,byte[],byte[][],byte);
    int read();
    int read(byte[]);
    int read(byte[],int,int);
    long skip(long);
    int available();
    void close();
    boolean markSupported();
    void mark(int);
    void reset();
    int new();
    void for(byte[],byte[]);
    void <clinit>();
}

-keep class com.iproov.sdk.core.new.else {
    int volatile;    char instanceof;    <init>();
}

-keep class com.iproov.sdk.core.new.byte {
    int char;    int void;    <init>();
}

-keep class com.iproov.sdk.core.new.char {
    int char;    char a;    char synchronized;    int void;    int try;    int static;    int break;    <init>();
}

-keep class com.iproov.sdk.core.new.case {
    int char;    <init>();
}

-keep class com.iproov.sdk.core.new.break {
    int void;    int try;    int implements;    <init>();
    void if(int[]);
    int do(int);
}

-keep class com.iproov.sdk.core.new.void {
    int void;    <init>();
}

-keepclassmembers,allowoptimization,allowobfuscation class com.iproov.sdk.core.int.for {
    <init>();
}

-keep class com.iproov.sdk.api.exception.IProovException {
    <init>(java.lang.String,java.lang.Exception);
}

-keep class com.iproov.sdk.core.for.for {
    byte[] int(java.lang.String,byte[],byte[]);
}

-keepclassmembers,allowoptimization,allowobfuscation class com.iproov.sdk.core.for.for {
    <init>();
}

-keep,allowshrinking,allowobfuscation class com.iproov.sdk.core.for.int$1 {
    byte[] new(byte[]);
}

-keep,allowshrinking,allowobfuscation class com.iproov.sdk.core.for.case {
    com.iproov.sdk.core.for.case INSTANCE;}

-keep class com.iproov.sdk.core.for.break {
    int int(java.lang.Object);
    int new(int);
}

-keepclassmembers,allowoptimization,allowobfuscation class com.iproov.sdk.core.for.this {
    <init>();
}

-keepclassmembers,allowoptimization,allowobfuscation class com.iproov.sdk.core.for.void {
    <init>();
}

-keep,allowshrinking,allowobfuscation class com.iproov.sdk.core.for.goto {
    com.iproov.sdk.core.for.goto INSTANCE;}

-keep class com.iproov.sdk.core.for.short {
    com.iproov.sdk.core.for.short bT;    com.iproov.sdk.core.for.short bX;    com.iproov.sdk.core.for.short ca;    com.iproov.sdk.core.for.short bY;    com.iproov.sdk.core.for.short bZ;    long f();
    java.util.List j();
    com.iproov.sdk.core.for.short[] values();
}

-keep class com.iproov.sdk.core.for.while {
    java.lang.Object for(java.lang.Object[],int,int,int);
}

-keep,allowshrinking,allowobfuscation class com.iproov.sdk.core.if.new {
    <init>(kotlin.jvm.internal.DefaultConstructorMarker);
}

-keep,allowshrinking,allowobfuscation class com.iproov.sdk.core.if.new$if {
    com.iproov.sdk.core.if.new$if INSTANCE;}

-keep,allowshrinking,allowobfuscation class com.iproov.sdk.core.if.new$for {
    com.iproov.sdk.core.if.new$for INSTANCE;}

-keep,allowshrinking,allowobfuscation class com.iproov.sdk.core.if.do {
    <init>(kotlin.jvm.internal.DefaultConstructorMarker);
}

-keep,allowshrinking,allowobfuscation class com.iproov.sdk.core.if.try {
    <init>(kotlin.jvm.internal.DefaultConstructorMarker);
}

-keep,allowshrinking,allowobfuscation class com.iproov.sdk.core.if.try$do {
    <init>(com.iproov.sdk.core.case.this,boolean,int,android.graphics.RectF,int,kotlin.jvm.internal.DefaultConstructorMarker);
}

-keep,allowshrinking,allowobfuscation class com.iproov.sdk.core.if.else {
    <init>(kotlin.jvm.internal.DefaultConstructorMarker);
}

-keep,allowshrinking,allowobfuscation class com.iproov.sdk.core.if.else$new {
    com.iproov.sdk.core.if.else$new INSTANCE;}

-keep,allowshrinking,allowobfuscation class com.iproov.sdk.core.if.else$int {
    com.iproov.sdk.core.if.else$int INSTANCE;}

-keepclassmembers,allowoptimization,allowobfuscation class com.iproov.sdk.core.if.void {
    <init>();
}

-keep,allowshrinking,allowobfuscation class com.iproov.sdk.core.if.void$int {
    <init>(kotlin.jvm.internal.DefaultConstructorMarker);
}

-keep,allowshrinking,allowobfuscation class com.iproov.sdk.core.if.void$int$new {
    com.iproov.sdk.core.if.void$int$new INSTANCE;}

-keep,allowshrinking,allowobfuscation class com.iproov.sdk.core.if.void$int$do {
    com.iproov.sdk.core.if.void$int$do INSTANCE;}

-keep,allowshrinking,allowobfuscation class com.iproov.sdk.core.if.void$int$int {
    com.iproov.sdk.core.if.void$int$int INSTANCE;}

-keep,allowshrinking,allowobfuscation class com.iproov.sdk.core.if.void$if

-keep,allowshrinking,allowobfuscation class com.iproov.sdk.core.if.void$do

-keep,allowshrinking,allowobfuscation class com.iproov.sdk.core.if.class$do

-keep,allowshrinking,allowobfuscation class com.iproov.sdk.core.if.public {
    com.iproov.sdk.core.if.public$int dz;}

-keepclassmembers,allowoptimization,allowobfuscation class com.iproov.sdk.core.if.default {
    <init>();
}

-keep,allowshrinking,allowobfuscation class com.iproov.sdk.core.if.default$for {
    <init>(kotlin.jvm.internal.DefaultConstructorMarker);
}

-keep,allowshrinking,allowobfuscation class com.iproov.sdk.core.if.default$for$if {
    com.iproov.sdk.core.if.default$for$if INSTANCE;}

-keep,allowshrinking,allowobfuscation class com.iproov.sdk.core.if.default$for$for {
    com.iproov.sdk.core.if.default$for$for INSTANCE;}

-keep,allowshrinking,allowobfuscation class com.iproov.sdk.core.if.default$for$new {
    com.iproov.sdk.core.if.default$for$new INSTANCE;}

-keep,allowshrinking,allowobfuscation class com.iproov.sdk.core.if.default$if

-keep,allowshrinking,allowobfuscation class com.iproov.sdk.core.if.extends {
    <init>(kotlin.jvm.internal.DefaultConstructorMarker);
}

-keep,allowshrinking,allowobfuscation class com.iproov.sdk.core.if.finally {
    <init>(com.iproov.sdk.core.case.this,android.graphics.Bitmap,kotlin.jvm.internal.DefaultConstructorMarker);
}

-keep,allowshrinking,allowobfuscation class com.iproov.sdk.core.if.private {
    <init>(kotlin.jvm.internal.DefaultConstructorMarker);
}

-keep,allowshrinking,allowobfuscation class com.iproov.sdk.core.if.transient {
    <init>(kotlin.jvm.internal.DefaultConstructorMarker);
}

-keep,allowshrinking,allowobfuscation class com.iproov.sdk.core.if.transient$case {
    com.iproov.sdk.core.if.transient$case INSTANCE;}

-keep,allowshrinking,allowobfuscation class com.iproov.sdk.core.if.transient$long {
    com.iproov.sdk.core.if.transient$long INSTANCE;}

-keep,allowshrinking,allowobfuscation class com.iproov.sdk.core.if.strictfp {
    <init>(kotlin.jvm.internal.DefaultConstructorMarker);
}

-keep,allowshrinking,allowobfuscation class com.iproov.sdk.core.if.strictfp$new {
    com.iproov.sdk.core.if.strictfp$new INSTANCE;}

-keep,allowshrinking,allowobfuscation class com.iproov.sdk.core.if.strictfp$for {
    com.iproov.sdk.core.if.strictfp$for INSTANCE;}

-keep,allowshrinking,allowobfuscation class com.iproov.sdk.core.if.strictfp$int {
    com.iproov.sdk.core.if.strictfp$int INSTANCE;}

-keep,allowshrinking,allowobfuscation class com.iproov.sdk.core.if.strictfp$if {
    com.iproov.sdk.core.if.strictfp$if INSTANCE;}

-keep,allowshrinking,allowobfuscation class com.iproov.sdk.core.if.strictfp$case {
    com.iproov.sdk.core.if.strictfp$case INSTANCE;}

-keep,allowshrinking,allowobfuscation class com.iproov.sdk.core.if.instanceof {
    com.iproov.sdk.core.if.instanceof$new new;}

-keep,allowshrinking,allowobfuscation class com.iproov.sdk.core.if.instanceof$new {
    <init>(kotlin.jvm.internal.DefaultConstructorMarker);
}

-keep,allowshrinking,allowobfuscation class com.iproov.sdk.core.if.a

-keep,allowshrinking,allowobfuscation class com.iproov.sdk.core.if.synchronized

-keep,allowshrinking,allowobfuscation class com.iproov.sdk.core.if.b {
    <init>(boolean,boolean,boolean,int,kotlin.jvm.internal.DefaultConstructorMarker);
}

-keepclassmembers,allowoptimization,allowobfuscation class com.iproov.sdk.core.if.b {
    <init>();
}

-keep,allowshrinking,allowobfuscation class com.iproov.sdk.core.if.e {
    <init>(kotlin.jvm.internal.DefaultConstructorMarker);
}

-keep,allowshrinking,allowobfuscation class com.iproov.sdk.core.if.e$int {
    com.iproov.sdk.core.if.e$int INSTANCE;}

-keep,allowshrinking,allowobfuscation class com.iproov.sdk.core.if.e$new {
    com.iproov.sdk.core.if.e$new INSTANCE;}

-keep,allowshrinking,allowobfuscation class com.iproov.sdk.core.if.e$for {
    com.iproov.sdk.core.if.e$for INSTANCE;}

-keep,allowshrinking,allowobfuscation class com.iproov.sdk.core.if.f {
    <init>(kotlin.jvm.internal.DefaultConstructorMarker);
}

-keep,allowshrinking,allowobfuscation class com.iproov.sdk.core.if.f$for {
    com.iproov.sdk.core.if.f$for INSTANCE;}

-keep,allowshrinking,allowobfuscation class com.iproov.sdk.core.if.f$new {
    com.iproov.sdk.core.if.f$new INSTANCE;}

-keep,allowshrinking,allowobfuscation class com.iproov.sdk.core.if.g {
    <init>(kotlin.jvm.internal.DefaultConstructorMarker);
}

-keep,allowshrinking,allowobfuscation class com.iproov.sdk.core.if.g$if {
    <init>(kotlin.jvm.internal.DefaultConstructorMarker);
}

-keep,allowshrinking,allowobfuscation class com.iproov.sdk.core.if.g$if$new {
    com.iproov.sdk.core.if.g$if$new INSTANCE;}

-keep,allowshrinking,allowobfuscation class com.iproov.sdk.core.if.g$if$if {
    <init>(java.lang.Boolean,java.lang.Integer,com.iproov.sdk.core.if.a,java.lang.Integer,java.lang.Integer,java.lang.Integer,java.lang.Long,int,kotlin.jvm.internal.DefaultConstructorMarker);
}

-keepclassmembers,allowoptimization,allowobfuscation class com.iproov.sdk.core.if.g$if$if {
    <init>();
}

-keep,allowshrinking,allowobfuscation class com.iproov.sdk.core.if.g$new {
    <init>(kotlin.jvm.internal.DefaultConstructorMarker);
}

-keep,allowshrinking,allowobfuscation class com.iproov.sdk.core.if.g$new$new {
    com.iproov.sdk.core.if.g$new$new INSTANCE;}

-keep,allowshrinking,allowobfuscation class com.iproov.sdk.core.if.g$new$do {
    com.iproov.sdk.core.if.g$new$do INSTANCE;}

-keep,allowshrinking,allowobfuscation class com.iproov.sdk.core.if.g$new$case {
    com.iproov.sdk.core.if.g$new$case INSTANCE;}

-keep,allowshrinking,allowobfuscation class com.iproov.sdk.core.if.g$new$try {
    com.iproov.sdk.core.if.g$new$try INSTANCE;}

-keep,allowshrinking,allowobfuscation class com.iproov.sdk.core.if.g$new$byte {
    com.iproov.sdk.core.if.g$new$byte INSTANCE;}

-keep,allowshrinking,allowobfuscation class com.iproov.sdk.core.if.g$new$char {
    com.iproov.sdk.core.if.g$new$char INSTANCE;}

-keep,allowshrinking,allowobfuscation class com.iproov.sdk.core.if.g$do {
    <init>(kotlin.jvm.internal.DefaultConstructorMarker);
}

-keep,allowshrinking,allowobfuscation class com.iproov.sdk.core.if.g$do$new {
    com.iproov.sdk.core.if.g$do$new INSTANCE;}

-keep,allowshrinking,allowobfuscation class com.iproov.sdk.core.do.int

-keep class com.iproov.sdk.core.try.new

-keep class com.iproov.sdk.core.try.new$new {