sdk/build/outputs/mapping/release/seeds.txt
com.iproov.kmp.AppContextInitializer
com.iproov.kmp.R
com.iproov.kmp.R: R()
com.iproov.kmp.AppContextInitializer: AppContextInitializer()