sdk/build/outputs/mapping/release/usage.txt
com.iproov.kmp.AppContextInitializer:
    public static final int $stable
com.iproov.kmp.api.Camera
com.iproov.kmp.api.CameraException
com.iproov.kmp.api.CameraPermissionException
com.iproov.kmp.api.Canceler
com.iproov.kmp.api.CaptureAlreadyActiveException
com.iproov.kmp.api.FaceDetectorException
com.iproov.kmp.api.FailureResult
com.iproov.kmp.api.IProovException
com.iproov.kmp.api.InvalidOptionsException
com.iproov.kmp.api.Iproov$observeSessionState$1$1
com.iproov.kmp.api.Iproov$observeSessionState$1$2$1
com.iproov.kmp.api.Iproov$observeSessionState$1$2
com.iproov.kmp.api.Iproov$observeSessionState$1
com.iproov.kmp.api.Iproov
com.iproov.kmp.api.IproovOptions$Certificate
com.iproov.kmp.api.IproovOptions$CloseButton$Defaults
com.iproov.kmp.api.IproovOptions$CloseButton
com.iproov.kmp.api.IproovOptions$Defaults
com.iproov.kmp.api.IproovOptions$Filter$LineDrawingFilter$Defaults
com.iproov.kmp.api.IproovOptions$Filter$LineDrawingFilter
com.iproov.kmp.api.IproovOptions$Filter$NaturalFilter$Defaults
com.iproov.kmp.api.IproovOptions$Filter$NaturalFilter
com.iproov.kmp.api.IproovOptions$Filter
com.iproov.kmp.api.IproovOptions$GenuinePresenceAssurance$Defaults
com.iproov.kmp.api.IproovOptions$GenuinePresenceAssurance
com.iproov.kmp.api.IproovOptions$LivenessAssurance$Defaults
com.iproov.kmp.api.IproovOptions$LivenessAssurance
com.iproov.kmp.api.IproovOptions
com.iproov.kmp.api.IproovState$Canceled
com.iproov.kmp.api.IproovState$Connected
com.iproov.kmp.api.IproovState$Connecting
com.iproov.kmp.api.IproovState$Error
com.iproov.kmp.api.IproovState$Failure
com.iproov.kmp.api.IproovState$Processing
com.iproov.kmp.api.IproovState$Starting
com.iproov.kmp.api.IproovState$Success
com.iproov.kmp.api.IproovState
com.iproov.kmp.api.LineDrawingStyle
com.iproov.kmp.api.MultiWindowUnsupportedException
com.iproov.kmp.api.NaturalStyle
com.iproov.kmp.api.NetworkException
com.iproov.kmp.api.Orientation
com.iproov.kmp.api.ServerException
com.iproov.kmp.api.SuccessResult
com.iproov.kmp.api.UnexpectedErrorException
com.iproov.kmp.api.UnsupportedDeviceException
com.iproov.kmp.api.UserTimeoutException
com.iproov.kmp.api_client.ApiClient
com.iproov.kmp.api_client.AssuranceType
com.iproov.kmp.api_client.ClaimType
com.iproov.kmp.api_client.impl.ApiClientImpl$getToken$1
com.iproov.kmp.api_client.impl.ApiClientImpl
com.iproov.kmp.api_client.impl.ResponseData$$serializer
com.iproov.kmp.api_client.impl.ResponseData$Companion
com.iproov.kmp.api_client.impl.ResponseData
com.iproov.kmp.mapper.IproovMapperKt
com.iproov.kmp.mapper.OptionsMapperKt$WhenMappings
com.iproov.kmp.mapper.OptionsMapperKt
com.iproov.kmp.util.ExtensionKt